<?xml version="1.0" encoding="UTF-8"?>
<testng-results ignored="0" total="1" passed="1" failed="0" skipped="0">
  <reporter-output>
  </reporter-output>
  <suite started-at="2025-02-17T13:41:35 IST" name="Suite" finished-at="2025-02-17T13:41:51 IST" duration-ms="15911">
    <groups>
    </groups>
    <test started-at="2025-02-17T13:41:35 IST" name="Profile Update Test" finished-at="2025-02-17T13:41:51 IST" duration-ms="15911">
      <class name="com.linkedin_automation.UpdateProfileTest">
        <test-method signature="profileEdit()[pri:0, instance:com.linkedin_automation.UpdateProfileTest@f09733f]" started-at="2025-02-17T13:41:35 IST" name="profileEdit" finished-at="2025-02-17T13:41:51 IST" duration-ms="15873" status="PASS">
          <reporter-output>
          </reporter-output>
        </test-method> <!-- profileEdit -->
      </class> <!-- com.linkedin_automation.UpdateProfileTest -->
    </test> <!-- Profile Update Test -->
  </suite> <!-- Suite -->
</testng-results>
